06-24-2016 @ 14:58:35 - Queuing 2.6.0 - wc_update_260_options
06-24-2016 @ 14:58:35 - Queuing 2.6.0 - wc_update_260_termmeta
06-24-2016 @ 14:58:35 - Queuing 2.6.0 - wc_update_260_zones
06-24-2016 @ 14:58:35 - Queuing 2.6.0 - wc_update_260_zone_methods
06-24-2016 @ 14:58:35 - Queuing 2.6.0 - wc_update_260_refunds
06-24-2016 @ 14:58:35 - Queuing 2.6.0 - wc_update_260_db_version
06-24-2016 @ 14:58:35 - Running wc_update_260_options callback
06-24-2016 @ 14:58:35 - Finished wc_update_260_options callback
06-24-2016 @ 14:58:35 - Running wc_update_260_termmeta callback
06-24-2016 @ 14:58:35 - Finished wc_update_260_termmeta callback
06-24-2016 @ 14:58:35 - Running wc_update_260_zones callback
06-24-2016 @ 14:58:35 - Finished wc_update_260_zones callback
06-24-2016 @ 14:58:35 - Running wc_update_260_zone_methods callback
06-24-2016 @ 14:58:35 - Finished wc_update_260_zone_methods callback
06-24-2016 @ 14:58:35 - Running wc_update_260_refunds callback
06-24-2016 @ 14:58:35 - Finished wc_update_260_refunds callback
06-24-2016 @ 14:58:35 - Running wc_update_260_db_version callback
06-24-2016 @ 14:58:36 - Finished wc_update_260_db_version callback
06-24-2016 @ 14:58:36 - Data update complete
2017-06-01T12:43:36+00:00 INFO Queuing 3.0.0 - wc_update_300_webhooks
2017-06-01T12:43:36+00:00 INFO Queuing 3.0.0 - wc_update_300_grouped_products
2017-06-01T12:43:36+00:00 INFO Queuing 3.0.0 - wc_update_300_settings
2017-06-01T12:43:36+00:00 INFO Queuing 3.0.0 - wc_update_300_product_visibility
2017-06-01T12:43:36+00:00 INFO Queuing 3.0.0 - wc_update_300_db_version
2017-06-01T12:43:38+00:00 INFO Running wc_update_300_webhooks callback
2017-06-01T12:43:38+00:00 INFO Finished wc_update_300_webhooks callback
2017-06-01T12:43:38+00:00 INFO Running wc_update_300_grouped_products callback
2017-06-01T12:43:38+00:00 INFO Finished wc_update_300_grouped_products callback
2017-06-01T12:43:38+00:00 INFO Running wc_update_300_settings callback
2017-06-01T12:43:38+00:00 INFO Finished wc_update_300_settings callback
2017-06-01T12:43:38+00:00 INFO Running wc_update_300_product_visibility callback
2017-06-01T12:43:38+00:00 INFO Finished wc_update_300_product_visibility callback
2017-06-01T12:43:38+00:00 INFO Running wc_update_300_db_version callback
2017-06-01T12:43:38+00:00 INFO Finished wc_update_300_db_version callback
2017-06-01T12:43:38+00:00 INFO Data update complete
2017-07-12T14:42:35+00:00 INFO Queuing 3.1.0 - wc_update_310_downloadable_products
2017-07-12T14:42:35+00:00 INFO Queuing 3.1.0 - wc_update_310_old_comments
2017-07-12T14:42:35+00:00 INFO Queuing 3.1.0 - wc_update_310_db_version
2017-07-12T14:42:37+00:00 INFO Running wc_update_310_downloadable_products callback
2017-07-12T14:42:37+00:00 INFO Finished wc_update_310_downloadable_products callback
2017-07-12T14:42:37+00:00 INFO Running wc_update_310_old_comments callback
2017-07-12T14:42:37+00:00 INFO Finished wc_update_310_old_comments callback
2017-07-12T14:42:37+00:00 INFO Running wc_update_310_db_version callback
2017-07-12T14:42:37+00:00 INFO Finished wc_update_310_db_version callback
2017-07-12T14:42:37+00:00 INFO Data update complete
2017-08-28T10:20:40+00:00 INFO Queuing 3.1.2 - wc_update_312_shop_manager_capabilities
2017-08-28T10:20:40+00:00 INFO Queuing 3.1.2 - wc_update_312_db_version
2017-08-28T10:20:42+00:00 INFO Running wc_update_312_shop_manager_capabilities callback
2017-08-28T10:20:42+00:00 INFO Finished wc_update_312_shop_manager_capabilities callback
2017-08-28T10:20:42+00:00 INFO Running wc_update_312_db_version callback
2017-08-28T10:20:42+00:00 INFO Finished wc_update_312_db_version callback
2017-08-28T10:20:42+00:00 INFO Data update complete
2017-12-13T10:40:34+00:00 INFO Queuing 3.2.0 - wc_update_320_mexican_states
2017-12-13T10:40:34+00:00 INFO Queuing 3.2.0 - wc_update_320_db_version
2017-12-13T10:40:35+00:00 INFO Running wc_update_320_mexican_states callback
2017-12-13T10:40:36+00:00 INFO Finished wc_update_320_mexican_states callback
2017-12-13T10:40:36+00:00 INFO Running wc_update_320_db_version callback
2017-12-13T10:40:36+00:00 INFO Finished wc_update_320_db_version callback
2017-12-13T10:40:36+00:00 INFO Data update complete
