2019-01-22T19:14:58+00:00 DEBUG 
====Stripe Version: 4.1.14====
====Start Log====
Stripe Payment Request live mode requires SSL.
====End Log====


2019-01-22T19:15:10+00:00 DEBUG 
====Stripe Version: 4.1.14====
====Start Log====
Stripe Payment Request live mode requires SSL.
====End Log====


2019-01-22T19:15:10+00:00 DEBUG 
====Stripe Version: 4.1.14====
====Start Log====
Stripe Payment Request live mode requires SSL.
====End Log====


2019-01-22T19:15:10+00:00 DEBUG 
====Stripe Version: 4.1.14====
====Start Log====
Stripe Payment Request live mode requires SSL.
====End Log====


2019-01-22T19:15:10+00:00 DEBUG 
====Stripe Version: 4.1.14====
====Start Log====
Stripe Payment Request live mode requires SSL.
====End Log====


2019-01-22T19:15:10+00:00 DEBUG 
====Stripe Version: 4.1.14====
====Start Log====
Stripe Payment Request live mode requires SSL.
====End Log====


2019-01-22T19:15:10+00:00 DEBUG 
====Stripe Version: 4.1.14====
====Start Log====
Stripe Payment Request live mode requires SSL.
====End Log====


2019-01-22T19:15:10+00:00 DEBUG 
====Stripe Version: 4.1.14====
====Start Log====
Stripe Payment Request live mode requires SSL.
====End Log====


2019-01-22T19:15:11+00:00 DEBUG 
====Stripe Version: 4.1.14====
====Start Log====
Stripe Payment Request live mode requires SSL.
====End Log====


2019-01-22T19:15:11+00:00 DEBUG 
====Stripe Version: 4.1.14====
====Start Log====
Stripe Payment Request live mode requires SSL.
====End Log====


2019-01-22T19:15:11+00:00 DEBUG 
====Stripe Version: 4.1.14====
====Start Log====
Stripe Payment Request live mode requires SSL.
====End Log====


2019-01-22T19:15:20+00:00 DEBUG 
====Stripe Version: 4.1.14====
====Start Log====
Stripe Payment Request live mode requires SSL.
====End Log====


2019-01-22T19:15:25+00:00 DEBUG 
====Stripe Version: 4.1.14====
====Start Log====
Stripe Payment Request live mode requires SSL.
====End Log====


2019-01-22T19:15:26+00:00 DEBUG 
====Stripe Version: 4.1.14====
====Start Log====
Stripe Payment Request live mode requires SSL.
====End Log====


